f:\faculta\an3sem2\pi\projtest\opencvapplication-vs2015_ocv31_basic\x64\debug\opencvapplication.pch
f:\faculta\an3sem2\pi\projtest\opencvapplication-vs2015_ocv31_basic\x64\debug\vc140.pdb
f:\faculta\an3sem2\pi\projtest\opencvapplication-vs2015_ocv31_basic\x64\debug\vc140.idb
f:\faculta\an3sem2\pi\projtest\opencvapplication-vs2015_ocv31_basic\x64\debug\stdafx.obj
f:\faculta\an3sem2\pi\projtest\opencvapplication-vs2015_ocv31_basic\x64\debug\common.obj
f:\faculta\an3sem2\pi\projtest\opencvapplication-vs2015_ocv31_basic\x64\debug\opencvapplication.obj
f:\faculta\an3sem2\pi\projtest\opencvapplication-vs2015_ocv31_basic\x64\debug\piece.obj
f:\faculta\an3sem2\pi\projtest\opencvapplication-vs2015_ocv31_basic\x64\debug\blackbishop.obj
f:\faculta\an3sem2\pi\projtest\opencvapplication-vs2015_ocv31_basic\x64\debug\blackking.obj
f:\faculta\an3sem2\pi\projtest\opencvapplication-vs2015_ocv31_basic\x64\debug\blackknight.obj
f:\faculta\an3sem2\pi\projtest\opencvapplication-vs2015_ocv31_basic\x64\debug\blackpawn.obj
f:\faculta\an3sem2\pi\projtest\opencvapplication-vs2015_ocv31_basic\x64\debug\blackqueen.obj
f:\faculta\an3sem2\pi\projtest\opencvapplication-vs2015_ocv31_basic\x64\debug\blackrook.obj
f:\faculta\an3sem2\pi\projtest\opencvapplication-vs2015_ocv31_basic\x64\debug\empty.obj
f:\faculta\an3sem2\pi\projtest\opencvapplication-vs2015_ocv31_basic\x64\debug\whitebishop.obj
f:\faculta\an3sem2\pi\projtest\opencvapplication-vs2015_ocv31_basic\x64\debug\whiteking.obj
f:\faculta\an3sem2\pi\projtest\opencvapplication-vs2015_ocv31_basic\x64\debug\whiteknight.obj
f:\faculta\an3sem2\pi\projtest\opencvapplication-vs2015_ocv31_basic\x64\debug\whitepawn.obj
f:\faculta\an3sem2\pi\projtest\opencvapplication-vs2015_ocv31_basic\x64\debug\whitequeen.obj
f:\faculta\an3sem2\pi\projtest\opencvapplication-vs2015_ocv31_basic\x64\debug\whiterook.obj
f:\faculta\an3sem2\pi\projtest\opencvapplication-vs2015_ocv31_basic\x64\debug\opencvapplication.ilk
f:\faculta\an3sem2\pi\projtest\opencvapplication-vs2015_ocv31_basic\x64\debug\opencvapplication.exe
f:\faculta\an3sem2\pi\projtest\opencvapplication-vs2015_ocv31_basic\x64\debug\opencvapplication.pdb
f:\faculta\an3sem2\pi\projtest\opencvapplication-vs2015_ocv31_basic\x64\debug\opencvap.32a91de2.tlog\cl.command.1.tlog
f:\faculta\an3sem2\pi\projtest\opencvapplication-vs2015_ocv31_basic\x64\debug\opencvap.32a91de2.tlog\cl.read.1.tlog
f:\faculta\an3sem2\pi\projtest\opencvapplication-vs2015_ocv31_basic\x64\debug\opencvap.32a91de2.tlog\cl.write.1.tlog
f:\faculta\an3sem2\pi\projtest\opencvapplication-vs2015_ocv31_basic\x64\debug\opencvap.32a91de2.tlog\link.command.1.tlog
f:\faculta\an3sem2\pi\projtest\opencvapplication-vs2015_ocv31_basic\x64\debug\opencvap.32a91de2.tlog\link.read.1.tlog
f:\faculta\an3sem2\pi\projtest\opencvapplication-vs2015_ocv31_basic\x64\debug\opencvap.32a91de2.tlog\link.write.1.tlog
